<?xml version="1.0" encoding="UTF-8"?>
<testsuite xmlns:xsi="http://www.w3.org/2001/XMLSchema-instance" xsi:noNamespaceSchemaLocation="https://maven.apache.org/surefire/maven-surefire-plugin/xsd/surefire-test-report.xsd" name="TestSuite" time="24.602" tests="15" errors="0" skipped="0" failures="0">
  <properties>
    <property name="gopherProxySet" value="false"/>
    <property name="awt.toolkit" value="sun.lwawt.macosx.LWCToolkit"/>
    <property name="file.encoding.pkg" value="sun.io"/>
    <property name="java.specification.version" value="1.8"/>
    <property name="sun.cpu.isalist" value=""/>
    <property name="sun.jnu.encoding" value="UTF-8"/>
    <property name="java.class.path" value="/Users/annguyenxuan1991/Public/KarrosSource/apiAutomation/target/test-classes:/Users/annguyenxuan1991/Public/KarrosSource/apiAutomation/target/classes:/Users/annguyenxuan1991/.m2/repository/io/rest-assured/rest-assured/3.3.0/rest-assured-3.3.0.jar:/Users/annguyenxuan1991/.m2/repository/org/codehaus/groovy/groovy/2.4.15/groovy-2.4.15.jar:/Users/annguyenxuan1991/.m2/repository/org/codehaus/groovy/groovy-xml/2.4.15/groovy-xml-2.4.15.jar:/Users/annguyenxuan1991/.m2/repository/org/apache/httpcomponents/httpclient/4.5.3/httpclient-4.5.3.jar:/Users/annguyenxuan1991/.m2/repository/commons-codec/commons-codec/1.9/commons-codec-1.9.jar:/Users/annguyenxuan1991/.m2/repository/org/apache/httpcomponents/httpmime/4.5.3/httpmime-4.5.3.jar:/Users/annguyenxuan1991/.m2/repository/org/hamcrest/hamcrest-core/1.3/hamcrest-core-1.3.jar:/Users/annguyenxuan1991/.m2/repository/org/hamcrest/hamcrest-library/1.3/hamcrest-library-1.3.jar:/Users/annguyenxuan1991/.m2/repository/org/ccil/cowan/tagsoup/tagsoup/1.2.1/tagsoup-1.2.1.jar:/Users/annguyenxuan1991/.m2/repository/io/rest-assured/json-path/3.3.0/json-path-3.3.0.jar:/Users/annguyenxuan1991/.m2/repository/org/codehaus/groovy/groovy-json/2.4.15/groovy-json-2.4.15.jar:/Users/annguyenxuan1991/.m2/repository/io/rest-assured/rest-assured-common/3.3.0/rest-assured-common-3.3.0.jar:/Users/annguyenxuan1991/.m2/repository/io/rest-assured/xml-path/3.3.0/xml-path-3.3.0.jar:/Users/annguyenxuan1991/.m2/repository/org/apache/commons/commons-lang3/3.4/commons-lang3-3.4.jar:/Users/annguyenxuan1991/.m2/repository/javax/xml/bind/jaxb-api/2.2.12/jaxb-api-2.2.12.jar:/Users/annguyenxuan1991/.m2/repository/com/sun/xml/bind/jaxb-osgi/2.2.10/jaxb-osgi-2.2.10.jar:/Users/annguyenxuan1991/.m2/repository/org/apache/sling/org.apache.sling.javax.activation/0.1.0/org.apache.sling.javax.activation-0.1.0.jar:/Users/annguyenxuan1991/.m2/repository/javax/activation/activation/1.1.1/activation-1.1.1.jar:/Users/annguyenxuan1991/.m2/repository/org/testng/testng/6.14.3/testng-6.14.3.jar:/Users/annguyenxuan1991/.m2/repository/com/beust/jcommander/1.72/jcommander-1.72.jar:/Users/annguyenxuan1991/.m2/repository/org/apache-extras/beanshell/bsh/2.0b6/bsh-2.0b6.jar:/Users/annguyenxuan1991/.m2/repository/com/xebialabs/restito/restito/0.9.3/restito-0.9.3.jar:/Users/annguyenxuan1991/.m2/repository/junit/junit/4.12/junit-4.12.jar:/Users/annguyenxuan1991/.m2/repository/org/glassfish/grizzly/grizzly-http-server/2.3.25/grizzly-http-server-2.3.25.jar:/Users/annguyenxuan1991/.m2/repository/org/glassfish/grizzly/grizzly-http/2.3.25/grizzly-http-2.3.25.jar:/Users/annguyenxuan1991/.m2/repository/org/glassfish/grizzly/grizzly-framework/2.3.25/grizzly-framework-2.3.25.jar:/Users/annguyenxuan1991/.m2/repository/com/jayway/jsonpath/json-path/2.1.0/json-path-2.1.0.jar:/Users/annguyenxuan1991/.m2/repository/net/minidev/json-smart/2.2/json-smart-2.2.jar:/Users/annguyenxuan1991/.m2/repository/net/minidev/accessors-smart/1.1/accessors-smart-1.1.jar:/Users/annguyenxuan1991/.m2/repository/org/ow2/asm/asm/5.0.3/asm-5.0.3.jar:/Users/annguyenxuan1991/.m2/repository/org/apache/mina/mina-core/2.0.13/mina-core-2.0.13.jar:/Users/annguyenxuan1991/.m2/repository/com/fasterxml/jackson/dataformat/jackson-dataformat-yaml/2.8.11/jackson-dataformat-yaml-2.8.11.jar:/Users/annguyenxuan1991/.m2/repository/com/fasterxml/jackson/core/jackson-core/2.8.11/jackson-core-2.8.11.jar:/Users/annguyenxuan1991/.m2/repository/org/yaml/snakeyaml/1.17/snakeyaml-1.17.jar:/Users/annguyenxuan1991/.m2/repository/com/fasterxml/jackson/core/jackson-databind/2.9.6/jackson-databind-2.9.6.jar:/Users/annguyenxuan1991/.m2/repository/com/fasterxml/jackson/core/jackson-annotations/2.9.0/jackson-annotations-2.9.0.jar:/Users/annguyenxuan1991/.m2/repository/log4j/log4j/1.2.17/log4j-1.2.17.jar:/Users/annguyenxuan1991/.m2/repository/org/apache/logging/log4j/log4j-to-slf4j/2.8.2/log4j-to-slf4j-2.8.2.jar:/Users/annguyenxuan1991/.m2/repository/org/apache/logging/log4j/log4j-api/2.8.2/log4j-api-2.8.2.jar:/Users/annguyenxuan1991/.m2/repository/org/slf4j/slf4j-api/1.7.5/slf4j-api-1.7.5.jar:/Users/annguyenxuan1991/.m2/repository/org/slf4j/slf4j-log4j12/1.7.5/slf4j-log4j12-1.7.5.jar:/Users/annguyenxuan1991/.m2/repository/org/projectlombok/lombok/1.16.16/lombok-1.16.16.jar:/Users/annguyenxuan1991/.m2/repository/commons-lang/commons-lang/2.5/commons-lang-2.5.jar:/Users/annguyenxuan1991/.m2/repository/com/googlecode/json-simple/json-simple/1.1.1/json-simple-1.1.1.jar:/Users/annguyenxuan1991/.m2/repository/org/unitils/unitils-core/3.4.6/unitils-core-3.4.6.jar:/Users/annguyenxuan1991/.m2/repository/commons-logging/commons-logging/1.1/commons-logging-1.1.jar:/Users/annguyenxuan1991/.m2/repository/commons-collections/commons-collections/3.2/commons-collections-3.2.jar:/Users/annguyenxuan1991/.m2/repository/ognl/ognl/2.6.9/ognl-2.6.9.jar:/Users/annguyenxuan1991/.m2/repository/com/aventstack/extentreports/4.0.6/extentreports-4.0.6.jar:/Users/annguyenxuan1991/.m2/repository/org/freemarker/freemarker/2.3.23/freemarker-2.3.23.jar:/Users/annguyenxuan1991/.m2/repository/org/mongodb/mongodb-driver/3.3.0/mongodb-driver-3.3.0.jar:/Users/annguyenxuan1991/.m2/repository/org/mongodb/mongodb-driver-core/3.3.0/mongodb-driver-core-3.3.0.jar:/Users/annguyenxuan1991/.m2/repository/org/mongodb/bson/3.3.0/bson-3.3.0.jar:/Users/annguyenxuan1991/.m2/repository/com/google/code/gson/gson/2.8.5/gson-2.8.5.jar:/Users/annguyenxuan1991/.m2/repository/io/jsonwebtoken/jjwt/0.7.0/jjwt-0.7.0.jar:/Users/annguyenxuan1991/.m2/repository/commons-dbutils/commons-dbutils/1.7/commons-dbutils-1.7.jar:/Users/annguyenxuan1991/.m2/repository/org/postgresql/postgresql/42.0.0/postgresql-42.0.0.jar:/Users/annguyenxuan1991/.m2/repository/org/elasticsearch/client/elasticsearch-rest-high-level-client/6.5.0/elasticsearch-rest-high-level-client-6.5.0.jar:/Users/annguyenxuan1991/.m2/repository/org/elasticsearch/client/elasticsearch-rest-client/6.5.0/elasticsearch-rest-client-6.5.0.jar:/Users/annguyenxuan1991/.m2/repository/org/apache/httpcomponents/httpasyncclient/4.1.2/httpasyncclient-4.1.2.jar:/Users/annguyenxuan1991/.m2/repository/org/apache/httpcomponents/httpcore-nio/4.4.5/httpcore-nio-4.4.5.jar:/Users/annguyenxuan1991/.m2/repository/org/elasticsearch/plugin/parent-join-client/6.5.0/parent-join-client-6.5.0.jar:/Users/annguyenxuan1991/.m2/repository/org/elasticsearch/plugin/aggs-matrix-stats-client/6.5.0/aggs-matrix-stats-client-6.5.0.jar:/Users/annguyenxuan1991/.m2/repository/org/elasticsearch/plugin/rank-eval-client/6.5.0/rank-eval-client-6.5.0.jar:/Users/annguyenxuan1991/.m2/repository/org/elasticsearch/plugin/lang-mustache-client/6.5.0/lang-mustache-client-6.5.0.jar:/Users/annguyenxuan1991/.m2/repository/com/github/spullara/mustache/java/compiler/0.9.3/compiler-0.9.3.jar:/Users/annguyenxuan1991/.m2/repository/org/elasticsearch/elasticsearch/6.5.0/elasticsearch-6.5.0.jar:/Users/annguyenxuan1991/.m2/repository/org/elasticsearch/elasticsearch-core/6.5.0/elasticsearch-core-6.5.0.jar:/Users/annguyenxuan1991/.m2/repository/org/elasticsearch/elasticsearch-secure-sm/6.5.0/elasticsearch-secure-sm-6.5.0.jar:/Users/annguyenxuan1991/.m2/repository/org/elasticsearch/elasticsearch-x-content/6.5.0/elasticsearch-x-content-6.5.0.jar:/Users/annguyenxuan1991/.m2/repository/com/fasterxml/jackson/dataformat/jackson-dataformat-smile/2.8.11/jackson-dataformat-smile-2.8.11.jar:/Users/annguyenxuan1991/.m2/repository/com/fasterxml/jackson/dataformat/jackson-dataformat-cbor/2.8.11/jackson-dataformat-cbor-2.8.11.jar:/Users/annguyenxuan1991/.m2/repository/org/apache/lucene/lucene-core/7.5.0/lucene-core-7.5.0.jar:/Users/annguyenxuan1991/.m2/repository/org/apache/lucene/lucene-analyzers-common/7.5.0/lucene-analyzers-common-7.5.0.jar:/Users/annguyenxuan1991/.m2/repository/org/apache/lucene/lucene-backward-codecs/7.5.0/lucene-backward-codecs-7.5.0.jar:/Users/annguyenxuan1991/.m2/repository/org/apache/lucene/lucene-grouping/7.5.0/lucene-grouping-7.5.0.jar:/Users/annguyenxuan1991/.m2/repository/org/apache/lucene/lucene-highlighter/7.5.0/lucene-highlighter-7.5.0.jar:/Users/annguyenxuan1991/.m2/repository/org/apache/lucene/lucene-join/7.5.0/lucene-join-7.5.0.jar:/Users/annguyenxuan1991/.m2/repository/org/apache/lucene/lucene-memory/7.5.0/lucene-memory-7.5.0.jar:/Users/annguyenxuan1991/.m2/repository/org/apache/lucene/lucene-misc/7.5.0/lucene-misc-7.5.0.jar:/Users/annguyenxuan1991/.m2/repository/org/apache/lucene/lucene-queries/7.5.0/lucene-queries-7.5.0.jar:/Users/annguyenxuan1991/.m2/repository/org/apache/lucene/lucene-queryparser/7.5.0/lucene-queryparser-7.5.0.jar:/Users/annguyenxuan1991/.m2/repository/org/apache/lucene/lucene-sandbox/7.5.0/lucene-sandbox-7.5.0.jar:/Users/annguyenxuan1991/.m2/repository/org/apache/lucene/lucene-spatial/7.5.0/lucene-spatial-7.5.0.jar:/Users/annguyenxuan1991/.m2/repository/org/apache/lucene/lucene-spatial-extras/7.5.0/lucene-spatial-extras-7.5.0.jar:/Users/annguyenxuan1991/.m2/repository/org/apache/lucene/lucene-spatial3d/7.5.0/lucene-spatial3d-7.5.0.jar:/Users/annguyenxuan1991/.m2/repository/org/apache/lucene/lucene-suggest/7.5.0/lucene-suggest-7.5.0.jar:/Users/annguyenxuan1991/.m2/repository/org/elasticsearch/elasticsearch-cli/6.5.0/elasticsearch-cli-6.5.0.jar:/Users/annguyenxuan1991/.m2/repository/net/sf/jopt-simple/jopt-simple/5.0.2/jopt-simple-5.0.2.jar:/Users/annguyenxuan1991/.m2/repository/com/carrotsearch/hppc/0.7.1/hppc-0.7.1.jar:/Users/annguyenxuan1991/.m2/repository/joda-time/joda-time/2.10/joda-time-2.10.jar:/Users/annguyenxuan1991/.m2/repository/com/tdunning/t-digest/3.2/t-digest-3.2.jar:/Users/annguyenxuan1991/.m2/repository/org/hdrhistogram/HdrHistogram/2.1.9/HdrHistogram-2.1.9.jar:/Users/annguyenxuan1991/.m2/repository/org/elasticsearch/jna/4.5.1/jna-4.5.1.jar:/Users/annguyenxuan1991/.m2/repository/com/offbytwo/jenkins/jenkins-client/0.3.8/jenkins-client-0.3.8.jar:/Users/annguyenxuan1991/.m2/repository/dom4j/dom4j/1.6.1/dom4j-1.6.1.jar:/Users/annguyenxuan1991/.m2/repository/net/sf/json-lib/json-lib/2.4/json-lib-2.4-jdk15.jar:/Users/annguyenxuan1991/.m2/repository/commons-beanutils/commons-beanutils/1.8.0/commons-beanutils-1.8.0.jar:/Users/annguyenxuan1991/.m2/repository/net/sf/ezmorph/ezmorph/1.0.6/ezmorph-1.0.6.jar:/Users/annguyenxuan1991/.m2/repository/com/google/guava/guava/17.0/guava-17.0.jar:/Users/annguyenxuan1991/.m2/repository/commons-io/commons-io/2.4/commons-io-2.4.jar:/Users/annguyenxuan1991/.m2/repository/jaxen/jaxen/1.1.6/jaxen-1.1.6.jar:/Users/annguyenxuan1991/.m2/repository/xml-apis/xml-apis/1.4.01/xml-apis-1.4.01.jar:/Users/annguyenxuan1991/.m2/repository/org/apache/httpcomponents/httpcore/4.4.11/httpcore-4.4.11.jar:/Users/annguyenxuan1991/.m2/repository/org/apache/maven/surefire/surefire-testng-utils/2.22.0/surefire-testng-utils-2.22.0.jar:/Users/annguyenxuan1991/.m2/repository/org/apache/maven/surefire/surefire-grouper/2.22.0/surefire-grouper-2.22.0.jar:"/>
    <property name="java.vm.vendor" value="Oracle Corporation"/>
    <property name="sun.arch.data.model" value="64"/>
    <property name="java.vendor.url" value="http://java.oracle.com/"/>
    <property name="user.timezone" value=""/>
    <property name="suiteXmlFile" value="/Users/annguyenxuan1991/Public/KarrosSource/apiAutomation/src/test/java/testsuites/GetEnvironmentOfUserTest.xml"/>
    <property name="java.vm.specification.version" value="1.8"/>
    <property name="os.name" value="Mac OS X"/>
    <property name="user.country" value="VN"/>
    <property name="sun.java.launcher" value="SUN_STANDARD"/>
    <property name="sun.boot.library.path" value="/Library/Java/JavaVirtualMachines/jdk1.8.0_201.jdk/Contents/Home/jre/lib"/>
    <property name="sun.java.command" value="/Users/annguyenxuan1991/Public/KarrosSource/apiAutomation/target/surefire/surefirebooter2527345754331850700.jar /Users/annguyenxuan1991/Public/KarrosSource/apiAutomation/target/surefire 2019-07-22T15-32-00_014-jvmRun1 surefire5872386998224477080tmp surefire_03145408550109673685tmp"/>
    <property name="surefire.test.class.path" value="/Users/annguyenxuan1991/Public/KarrosSource/apiAutomation/target/test-classes:/Users/annguyenxuan1991/Public/KarrosSource/apiAutomation/target/classes:/Users/annguyenxuan1991/.m2/repository/io/rest-assured/rest-assured/3.3.0/rest-assured-3.3.0.jar:/Users/annguyenxuan1991/.m2/repository/org/codehaus/groovy/groovy/2.4.15/groovy-2.4.15.jar:/Users/annguyenxuan1991/.m2/repository/org/codehaus/groovy/groovy-xml/2.4.15/groovy-xml-2.4.15.jar:/Users/annguyenxuan1991/.m2/repository/org/apache/httpcomponents/httpclient/4.5.3/httpclient-4.5.3.jar:/Users/annguyenxuan1991/.m2/repository/commons-codec/commons-codec/1.9/commons-codec-1.9.jar:/Users/annguyenxuan1991/.m2/repository/org/apache/httpcomponents/httpmime/4.5.3/httpmime-4.5.3.jar:/Users/annguyenxuan1991/.m2/repository/org/hamcrest/hamcrest-core/1.3/hamcrest-core-1.3.jar:/Users/annguyenxuan1991/.m2/repository/org/hamcrest/hamcrest-library/1.3/hamcrest-library-1.3.jar:/Users/annguyenxuan1991/.m2/repository/org/ccil/cowan/tagsoup/tagsoup/1.2.1/tagsoup-1.2.1.jar:/Users/annguyenxuan1991/.m2/repository/io/rest-assured/json-path/3.3.0/json-path-3.3.0.jar:/Users/annguyenxuan1991/.m2/repository/org/codehaus/groovy/groovy-json/2.4.15/groovy-json-2.4.15.jar:/Users/annguyenxuan1991/.m2/repository/io/rest-assured/rest-assured-common/3.3.0/rest-assured-common-3.3.0.jar:/Users/annguyenxuan1991/.m2/repository/io/rest-assured/xml-path/3.3.0/xml-path-3.3.0.jar:/Users/annguyenxuan1991/.m2/repository/org/apache/commons/commons-lang3/3.4/commons-lang3-3.4.jar:/Users/annguyenxuan1991/.m2/repository/javax/xml/bind/jaxb-api/2.2.12/jaxb-api-2.2.12.jar:/Users/annguyenxuan1991/.m2/repository/com/sun/xml/bind/jaxb-osgi/2.2.10/jaxb-osgi-2.2.10.jar:/Users/annguyenxuan1991/.m2/repository/org/apache/sling/org.apache.sling.javax.activation/0.1.0/org.apache.sling.javax.activation-0.1.0.jar:/Users/annguyenxuan1991/.m2/repository/javax/activation/activation/1.1.1/activation-1.1.1.jar:/Users/annguyenxuan1991/.m2/repository/org/testng/testng/6.14.3/testng-6.14.3.jar:/Users/annguyenxuan1991/.m2/repository/com/beust/jcommander/1.72/jcommander-1.72.jar:/Users/annguyenxuan1991/.m2/repository/org/apache-extras/beanshell/bsh/2.0b6/bsh-2.0b6.jar:/Users/annguyenxuan1991/.m2/repository/com/xebialabs/restito/restito/0.9.3/restito-0.9.3.jar:/Users/annguyenxuan1991/.m2/repository/junit/junit/4.12/junit-4.12.jar:/Users/annguyenxuan1991/.m2/repository/org/glassfish/grizzly/grizzly-http-server/2.3.25/grizzly-http-server-2.3.25.jar:/Users/annguyenxuan1991/.m2/repository/org/glassfish/grizzly/grizzly-http/2.3.25/grizzly-http-2.3.25.jar:/Users/annguyenxuan1991/.m2/repository/org/glassfish/grizzly/grizzly-framework/2.3.25/grizzly-framework-2.3.25.jar:/Users/annguyenxuan1991/.m2/repository/com/jayway/jsonpath/json-path/2.1.0/json-path-2.1.0.jar:/Users/annguyenxuan1991/.m2/repository/net/minidev/json-smart/2.2/json-smart-2.2.jar:/Users/annguyenxuan1991/.m2/repository/net/minidev/accessors-smart/1.1/accessors-smart-1.1.jar:/Users/annguyenxuan1991/.m2/repository/org/ow2/asm/asm/5.0.3/asm-5.0.3.jar:/Users/annguyenxuan1991/.m2/repository/org/apache/mina/mina-core/2.0.13/mina-core-2.0.13.jar:/Users/annguyenxuan1991/.m2/repository/com/fasterxml/jackson/dataformat/jackson-dataformat-yaml/2.8.11/jackson-dataformat-yaml-2.8.11.jar:/Users/annguyenxuan1991/.m2/repository/com/fasterxml/jackson/core/jackson-core/2.8.11/jackson-core-2.8.11.jar:/Users/annguyenxuan1991/.m2/repository/org/yaml/snakeyaml/1.17/snakeyaml-1.17.jar:/Users/annguyenxuan1991/.m2/repository/com/fasterxml/jackson/core/jackson-databind/2.9.6/jackson-databind-2.9.6.jar:/Users/annguyenxuan1991/.m2/repository/com/fasterxml/jackson/core/jackson-annotations/2.9.0/jackson-annotations-2.9.0.jar:/Users/annguyenxuan1991/.m2/repository/log4j/log4j/1.2.17/log4j-1.2.17.jar:/Users/annguyenxuan1991/.m2/repository/org/apache/logging/log4j/log4j-to-slf4j/2.8.2/log4j-to-slf4j-2.8.2.jar:/Users/annguyenxuan1991/.m2/repository/org/apache/logging/log4j/log4j-api/2.8.2/log4j-api-2.8.2.jar:/Users/annguyenxuan1991/.m2/repository/org/slf4j/slf4j-api/1.7.5/slf4j-api-1.7.5.jar:/Users/annguyenxuan1991/.m2/repository/org/slf4j/slf4j-log4j12/1.7.5/slf4j-log4j12-1.7.5.jar:/Users/annguyenxuan1991/.m2/repository/org/projectlombok/lombok/1.16.16/lombok-1.16.16.jar:/Users/annguyenxuan1991/.m2/repository/commons-lang/commons-lang/2.5/commons-lang-2.5.jar:/Users/annguyenxuan1991/.m2/repository/com/googlecode/json-simple/json-simple/1.1.1/json-simple-1.1.1.jar:/Users/annguyenxuan1991/.m2/repository/org/unitils/unitils-core/3.4.6/unitils-core-3.4.6.jar:/Users/annguyenxuan1991/.m2/repository/commons-logging/commons-logging/1.1/commons-logging-1.1.jar:/Users/annguyenxuan1991/.m2/repository/commons-collections/commons-collections/3.2/commons-collections-3.2.jar:/Users/annguyenxuan1991/.m2/repository/ognl/ognl/2.6.9/ognl-2.6.9.jar:/Users/annguyenxuan1991/.m2/repository/com/aventstack/extentreports/4.0.6/extentreports-4.0.6.jar:/Users/annguyenxuan1991/.m2/repository/org/freemarker/freemarker/2.3.23/freemarker-2.3.23.jar:/Users/annguyenxuan1991/.m2/repository/org/mongodb/mongodb-driver/3.3.0/mongodb-driver-3.3.0.jar:/Users/annguyenxuan1991/.m2/repository/org/mongodb/mongodb-driver-core/3.3.0/mongodb-driver-core-3.3.0.jar:/Users/annguyenxuan1991/.m2/repository/org/mongodb/bson/3.3.0/bson-3.3.0.jar:/Users/annguyenxuan1991/.m2/repository/com/google/code/gson/gson/2.8.5/gson-2.8.5.jar:/Users/annguyenxuan1991/.m2/repository/io/jsonwebtoken/jjwt/0.7.0/jjwt-0.7.0.jar:/Users/annguyenxuan1991/.m2/repository/commons-dbutils/commons-dbutils/1.7/commons-dbutils-1.7.jar:/Users/annguyenxuan1991/.m2/repository/org/postgresql/postgresql/42.0.0/postgresql-42.0.0.jar:/Users/annguyenxuan1991/.m2/repository/org/elasticsearch/client/elasticsearch-rest-high-level-client/6.5.0/elasticsearch-rest-high-level-client-6.5.0.jar:/Users/annguyenxuan1991/.m2/repository/org/elasticsearch/client/elasticsearch-rest-client/6.5.0/elasticsearch-rest-client-6.5.0.jar:/Users/annguyenxuan1991/.m2/repository/org/apache/httpcomponents/httpasyncclient/4.1.2/httpasyncclient-4.1.2.jar:/Users/annguyenxuan1991/.m2/repository/org/apache/httpcomponents/httpcore-nio/4.4.5/httpcore-nio-4.4.5.jar:/Users/annguyenxuan1991/.m2/repository/org/elasticsearch/plugin/parent-join-client/6.5.0/parent-join-client-6.5.0.jar:/Users/annguyenxuan1991/.m2/repository/org/elasticsearch/plugin/aggs-matrix-stats-client/6.5.0/aggs-matrix-stats-client-6.5.0.jar:/Users/annguyenxuan1991/.m2/repository/org/elasticsearch/plugin/rank-eval-client/6.5.0/rank-eval-client-6.5.0.jar:/Users/annguyenxuan1991/.m2/repository/org/elasticsearch/plugin/lang-mustache-client/6.5.0/lang-mustache-client-6.5.0.jar:/Users/annguyenxuan1991/.m2/repository/com/github/spullara/mustache/java/compiler/0.9.3/compiler-0.9.3.jar:/Users/annguyenxuan1991/.m2/repository/org/elasticsearch/elasticsearch/6.5.0/elasticsearch-6.5.0.jar:/Users/annguyenxuan1991/.m2/repository/org/elasticsearch/elasticsearch-core/6.5.0/elasticsearch-core-6.5.0.jar:/Users/annguyenxuan1991/.m2/repository/org/elasticsearch/elasticsearch-secure-sm/6.5.0/elasticsearch-secure-sm-6.5.0.jar:/Users/annguyenxuan1991/.m2/repository/org/elasticsearch/elasticsearch-x-content/6.5.0/elasticsearch-x-content-6.5.0.jar:/Users/annguyenxuan1991/.m2/repository/com/fasterxml/jackson/dataformat/jackson-dataformat-smile/2.8.11/jackson-dataformat-smile-2.8.11.jar:/Users/annguyenxuan1991/.m2/repository/com/fasterxml/jackson/dataformat/jackson-dataformat-cbor/2.8.11/jackson-dataformat-cbor-2.8.11.jar:/Users/annguyenxuan1991/.m2/repository/org/apache/lucene/lucene-core/7.5.0/lucene-core-7.5.0.jar:/Users/annguyenxuan1991/.m2/repository/org/apache/lucene/lucene-analyzers-common/7.5.0/lucene-analyzers-common-7.5.0.jar:/Users/annguyenxuan1991/.m2/repository/org/apache/lucene/lucene-backward-codecs/7.5.0/lucene-backward-codecs-7.5.0.jar:/Users/annguyenxuan1991/.m2/repository/org/apache/lucene/lucene-grouping/7.5.0/lucene-grouping-7.5.0.jar:/Users/annguyenxuan1991/.m2/repository/org/apache/lucene/lucene-highlighter/7.5.0/lucene-highlighter-7.5.0.jar:/Users/annguyenxuan1991/.m2/repository/org/apache/lucene/lucene-join/7.5.0/lucene-join-7.5.0.jar:/Users/annguyenxuan1991/.m2/repository/org/apache/lucene/lucene-memory/7.5.0/lucene-memory-7.5.0.jar:/Users/annguyenxuan1991/.m2/repository/org/apache/lucene/lucene-misc/7.5.0/lucene-misc-7.5.0.jar:/Users/annguyenxuan1991/.m2/repository/org/apache/lucene/lucene-queries/7.5.0/lucene-queries-7.5.0.jar:/Users/annguyenxuan1991/.m2/repository/org/apache/lucene/lucene-queryparser/7.5.0/lucene-queryparser-7.5.0.jar:/Users/annguyenxuan1991/.m2/repository/org/apache/lucene/lucene-sandbox/7.5.0/lucene-sandbox-7.5.0.jar:/Users/annguyenxuan1991/.m2/repository/org/apache/lucene/lucene-spatial/7.5.0/lucene-spatial-7.5.0.jar:/Users/annguyenxuan1991/.m2/repository/org/apache/lucene/lucene-spatial-extras/7.5.0/lucene-spatial-extras-7.5.0.jar:/Users/annguyenxuan1991/.m2/repository/org/apache/lucene/lucene-spatial3d/7.5.0/lucene-spatial3d-7.5.0.jar:/Users/annguyenxuan1991/.m2/repository/org/apache/lucene/lucene-suggest/7.5.0/lucene-suggest-7.5.0.jar:/Users/annguyenxuan1991/.m2/repository/org/elasticsearch/elasticsearch-cli/6.5.0/elasticsearch-cli-6.5.0.jar:/Users/annguyenxuan1991/.m2/repository/net/sf/jopt-simple/jopt-simple/5.0.2/jopt-simple-5.0.2.jar:/Users/annguyenxuan1991/.m2/repository/com/carrotsearch/hppc/0.7.1/hppc-0.7.1.jar:/Users/annguyenxuan1991/.m2/repository/joda-time/joda-time/2.10/joda-time-2.10.jar:/Users/annguyenxuan1991/.m2/repository/com/tdunning/t-digest/3.2/t-digest-3.2.jar:/Users/annguyenxuan1991/.m2/repository/org/hdrhistogram/HdrHistogram/2.1.9/HdrHistogram-2.1.9.jar:/Users/annguyenxuan1991/.m2/repository/org/elasticsearch/jna/4.5.1/jna-4.5.1.jar:/Users/annguyenxuan1991/.m2/repository/com/offbytwo/jenkins/jenkins-client/0.3.8/jenkins-client-0.3.8.jar:/Users/annguyenxuan1991/.m2/repository/dom4j/dom4j/1.6.1/dom4j-1.6.1.jar:/Users/annguyenxuan1991/.m2/repository/net/sf/json-lib/json-lib/2.4/json-lib-2.4-jdk15.jar:/Users/annguyenxuan1991/.m2/repository/commons-beanutils/commons-beanutils/1.8.0/commons-beanutils-1.8.0.jar:/Users/annguyenxuan1991/.m2/repository/net/sf/ezmorph/ezmorph/1.0.6/ezmorph-1.0.6.jar:/Users/annguyenxuan1991/.m2/repository/com/google/guava/guava/17.0/guava-17.0.jar:/Users/annguyenxuan1991/.m2/repository/commons-io/commons-io/2.4/commons-io-2.4.jar:/Users/annguyenxuan1991/.m2/repository/jaxen/jaxen/1.1.6/jaxen-1.1.6.jar:/Users/annguyenxuan1991/.m2/repository/xml-apis/xml-apis/1.4.01/xml-apis-1.4.01.jar:/Users/annguyenxuan1991/.m2/repository/org/apache/httpcomponents/httpcore/4.4.11/httpcore-4.4.11.jar:/Users/annguyenxuan1991/.m2/repository/org/apache/maven/surefire/surefire-testng-utils/2.22.0/surefire-testng-utils-2.22.0.jar:/Users/annguyenxuan1991/.m2/repository/org/apache/maven/surefire/surefire-grouper/2.22.0/surefire-grouper-2.22.0.jar:"/>
    <property name="sun.cpu.endian" value="little"/>
    <property name="user.home" value="/Users/annguyenxuan1991"/>
    <property name="user.language" value="en"/>
    <property name="java.specification.vendor" value="Oracle Corporation"/>
    <property name="java.home" value="/Library/Java/JavaVirtualMachines/jdk1.8.0_201.jdk/Contents/Home/jre"/>
    <property name="basedir" value="/Users/annguyenxuan1991/Public/KarrosSource/apiAutomation"/>
    <property name="file.separator" value="/"/>
    <property name="line.separator" value="&#10;"/>
    <property name="java.vm.specification.vendor" value="Oracle Corporation"/>
    <property name="java.specification.name" value="Java Platform API Specification"/>
    <property name="java.awt.graphicsenv" value="sun.awt.CGraphicsEnvironment"/>
    <property name="surefire.real.class.path" value="/Users/annguyenxuan1991/Public/KarrosSource/apiAutomation/target/surefire/surefirebooter2527345754331850700.jar"/>
    <property name="sun.boot.class.path" value="/Library/Java/JavaVirtualMachines/jdk1.8.0_201.jdk/Contents/Home/jre/lib/resources.jar:/Library/Java/JavaVirtualMachines/jdk1.8.0_201.jdk/Contents/Home/jre/lib/rt.jar:/Library/Java/JavaVirtualMachines/jdk1.8.0_201.jdk/Contents/Home/jre/lib/sunrsasign.jar:/Library/Java/JavaVirtualMachines/jdk1.8.0_201.jdk/Contents/Home/jre/lib/jsse.jar:/Library/Java/JavaVirtualMachines/jdk1.8.0_201.jdk/Contents/Home/jre/lib/jce.jar:/Library/Java/JavaVirtualMachines/jdk1.8.0_201.jdk/Contents/Home/jre/lib/charsets.jar:/Library/Java/JavaVirtualMachines/jdk1.8.0_201.jdk/Contents/Home/jre/lib/jfr.jar:/Library/Java/JavaVirtualMachines/jdk1.8.0_201.jdk/Contents/Home/jre/classes"/>
    <property name="sun.management.compiler" value="HotSpot 64-Bit Tiered Compilers"/>
    <property name="isSendToHangoutsChannel" value="true"/>
    <property name="java.runtime.version" value="1.8.0_201-b09"/>
    <property name="user.name" value="annguyenxuan1991"/>
    <property name="path.separator" value=":"/>
    <property name="os.version" value="10.14.2"/>
    <property name="java.endorsed.dirs" value="/Library/Java/JavaVirtualMachines/jdk1.8.0_201.jdk/Contents/Home/jre/lib/endorsed"/>
    <property name="java.runtime.name" value="Java(TM) SE Runtime Environment"/>
    <property name="file.encoding" value="UTF-8"/>
    <property name="java.vm.name" value="Java HotSpot(TM) 64-Bit Server VM"/>
    <property name="localRepository" value="/Users/annguyenxuan1991/.m2/repository"/>
    <property name="java.vendor.url.bug" value="http://bugreport.sun.com/bugreport/"/>
    <property name="java.io.tmpdir" value="/var/folders/c1/3gxflqn96tddx0_5hq2ptn2c0000gn/T/"/>
    <property name="java.version" value="1.8.0_201"/>
    <property name="user.dir" value="/Users/annguyenxuan1991/Public/KarrosSource/apiAutomation"/>
    <property name="os.arch" value="x86_64"/>
    <property name="java.vm.specification.name" value="Java Virtual Machine Specification"/>
    <property name="java.awt.printerjob" value="sun.lwawt.macosx.CPrinterJob"/>
    <property name="sun.os.patch.level" value="unknown"/>
    <property name="java.library.path" value="/Users/annguyenxuan1991/Library/Java/Extensions:/Library/Java/Extensions:/Network/Library/Java/Extensions:/System/Library/Java/Extensions:/usr/lib/java:."/>
    <property name="java.vm.info" value="mixed mode"/>
    <property name="java.vendor" value="Oracle Corporation"/>
    <property name="java.vm.version" value="25.201-b09"/>
    <property name="java.ext.dirs" value="/Users/annguyenxuan1991/Library/Java/Extensions:/Library/Java/JavaVirtualMachines/jdk1.8.0_201.jdk/Contents/Home/jre/lib/ext:/Library/Java/Extensions:/Network/Library/Java/Extensions:/System/Library/Java/Extensions:/usr/lib/java"/>
    <property name="sun.io.unicode.encoding" value="UnicodeBig"/>
    <property name="java.class.version" value="52.0"/>
  </properties>
  <testcase name="KP_5460_Verify_get_environment_of_IN_user_successful" classname="testscripts.componentTest.envConfLambdaFunctions.GetEnvironmentOfUserAPITest" time="2.759"/>
  <testcase name="KP_5460_Verify_get_environment_of_MC_user_successful" classname="testscripts.componentTest.envConfLambdaFunctions.GetEnvironmentOfUserAPITest" time="1.695"/>
  <testcase name="KP_5460_Verify_get_environment_of_PPL_user_successful" classname="testscripts.componentTest.envConfLambdaFunctions.GetEnvironmentOfUserAPITest" time="1.497"/>
  <testcase name="KP_5460_Verify_get_environment_of_PP_user_successful" classname="testscripts.componentTest.envConfLambdaFunctions.GetEnvironmentOfUserAPITest" time="1.351"/>
  <testcase name="KP_5460_Verify_get_environment_of_SM_user_successful" classname="testscripts.componentTest.envConfLambdaFunctions.GetEnvironmentOfUserAPITest" time="0.92"/>
  <testcase name="KP_5461_Verify_get_environment_with_non_existing_IN_user" classname="testscripts.componentTest.envConfLambdaFunctions.GetEnvironmentOfUserAPITest" time="1.235"/>
  <testcase name="KP_5461_Verify_get_environment_with_non_existing_MC_user" classname="testscripts.componentTest.envConfLambdaFunctions.GetEnvironmentOfUserAPITest" time="1.037"/>
  <testcase name="KP_5461_Verify_get_environment_with_non_existing_PPL_user" classname="testscripts.componentTest.envConfLambdaFunctions.GetEnvironmentOfUserAPITest" time="0.849"/>
  <testcase name="KP_5461_Verify_get_environment_with_non_existing_PP_user" classname="testscripts.componentTest.envConfLambdaFunctions.GetEnvironmentOfUserAPITest" time="0.899"/>
  <testcase name="KP_5461_Verify_get_environment_with_non_existing_SM_user" classname="testscripts.componentTest.envConfLambdaFunctions.GetEnvironmentOfUserAPITest" time="0.903"/>
  <testcase name="KP_5462_Verify_get_environment_of_IN_user_with_missing_apikey_header" classname="testscripts.componentTest.envConfLambdaFunctions.GetEnvironmentOfUserAPITest" time="0.489"/>
  <testcase name="KP_5462_Verify_get_environment_of_MC_user_with_missing_apikey_header" classname="testscripts.componentTest.envConfLambdaFunctions.GetEnvironmentOfUserAPITest" time="0.508"/>
  <testcase name="KP_5462_Verify_get_environment_of_PPL_user_with_missing_apikey_header" classname="testscripts.componentTest.envConfLambdaFunctions.GetEnvironmentOfUserAPITest" time="0.925"/>
  <testcase name="KP_5462_Verify_get_environment_of_PP_user_with_missing_apikey_header" classname="testscripts.componentTest.envConfLambdaFunctions.GetEnvironmentOfUserAPITest" time="0.707"/>
  <testcase name="KP_5462_Verify_get_environment_of_SM_user_with_missing_apikey_header" classname="testscripts.componentTest.envConfLambdaFunctions.GetEnvironmentOfUserAPITest" time="0.505"/>
</testsuite>